<?xml version="1.0" encoding="UTF-8"?>
<!-- Generated by org.testng.reporters.JUnitReportReporter -->
<testsuite hostname="DESKTOP-RK1ATAI" failures="0" tests="1" name="TC005_Delete_Request" time="3.435" errors="0" timestamp="2022-01-17T20:57:16 BDT" skipped="0">
  <testcase classname="TC005_Delete_Request" name="deleteUser" time="3.435"/>
  <system-out/>
</testsuite> <!-- TC005_Delete_Request -->
