<?xml version="1.0" encoding="UTF-8"?>
<!-- Generated by org.testng.reporters.JUnitReportReporter -->
<testsuite hostname="DESKTOP-RK1ATAI" failures="0" tests="1" name="TC004_Patch_Request" time="3.301" errors="0" timestamp="2022-01-17T20:52:10 BDT" skipped="0">
  <testcase classname="TC004_Patch_Request" name="updateUser" time="3.301"/>
  <system-out/>
</testsuite> <!-- TC004_Patch_Request -->
