<?xml version="1.0" encoding="UTF-8"?>
<!-- Generated by org.testng.reporters.JUnitReportReporter -->
<testsuite hostname="DESKTOP-RK1ATAI" failures="0" tests="1" name="TC002_Post_Request" time="5.385" errors="0" timestamp="2022-01-17T20:10:07 BDT" skipped="0">
  <testcase classname="TC002_Post_Request" name="createNewUser" time="5.385"/>
  <system-out/>
</testsuite> <!-- TC002_Post_Request -->
