<?xml version="1.0" encoding="UTF-8"?>
<!-- Generated by org.testng.reporters.JUnitReportReporter -->
<testsuite hostname="DESKTOP-RK1ATAI" failures="0" tests="1" name="TC003_Put_Request" time="3.633" errors="0" timestamp="2022-01-17T20:49:55 BDT" skipped="0">
  <testcase classname="TC003_Put_Request" name="updateUser" time="3.633"/>
  <system-out/>
</testsuite> <!-- TC003_Put_Request -->
