<?xml version="1.0" encoding="UTF-8"?>
<!-- Generated by org.testng.reporters.JUnitReportReporter -->
<testsuite hostname="DESKTOP-RK1ATAI" failures="0" tests="1" name="TC001_Get_Request" time="2.737" errors="0" timestamp="2022-01-17T20:56:07 BDT" skipped="0">
  <testcase classname="TC001_Get_Request" name="listOfUsers" time="2.737"/>
  <system-out/>
</testsuite> <!-- TC001_Get_Request -->
